[
  {
    "name": "examples/wrong_function.py",
    "title": "Calling unknown function",
    "description": "This is my origin story of how I became obsessed with developer tooling. Back in 2021 I gave an intro to C course at my university and a similar mistake resulted in the error 'Implicit declaration of function is not allowed'.",
    "code": "def hello():\n    print(\"Hello there!\")\n\n\nhallo()\n",
    "version_results": [
      {
        "version": "3.0 - 3.8",
        "diagnostic": "Traceback (most recent call last):\r\n  File \"examples/wrong_function.py\", line 5, in <module>\r\n    hallo()\r\nNameError: name 'hallo' is not defined\r\n"
      },
      {
        "version": "3.9",
        "diagnostic": "Traceback (most recent call last):\r\n  File \"/workspace/examples/wrong_function.py\", line 5, in <module>\r\n    hallo()\r\nNameError: name 'hallo' is not defined\r\n"
      },
      {
        "version": "3.10",
        "diagnostic": "Traceback (most recent call last):\r\n  File \"/workspace/examples/wrong_function.py\", line 5, in <module>\r\n    hallo()\r\nNameError: name 'hallo' is not defined. Did you mean: 'hello'?\r\n"
      },
      {
        "version": "3.11 - 3.12",
        "diagnostic": "Traceback (most recent call last):\r\n  File \"/workspace/examples/wrong_function.py\", line 5, in <module>\r\n    hallo()\r\n    ^^^^^\r\nNameError: name 'hallo' is not defined. Did you mean: 'hello'?\r\n"
      },
      {
        "version": "3.13 - 3.15a3",
        "diagnostic": "Traceback (most recent call last):\r\n  File \u001b[35m\"/workspace/examples/wrong_function.py\"\u001b[0m, line \u001b[35m5\u001b[0m, in \u001b[35m<module>\u001b[0m\r\n    \u001b[1;31mhallo\u001b[0m()\r\n    \u001b[1;31m^^^^^\u001b[0m\r\n\u001b[1;35mNameError\u001b[0m: \u001b[35mname 'hallo' is not defined. Did you mean: 'hello'?\u001b[0m\r\n"
      }
    ]
  },
  {
    "name": "examples/attribute_only_available_in_member.py",
    "title": "Attribute Only Available In Member",
    "description": "The interpreter now provides more helpful suggestions in AttributeError exceptions when accessing an attribute on an object that does not exist, but a similar attribute is available through one of its members.\nFrom the [Python3.15 release notes](https://docs.python.org/3.15/whatsnew/3.15.html#improved-error-messages).\n",
    "code": "from dataclasses import dataclass\n@dataclass\nclass Circle:\n   radius: float\n\n   @property\n   def area(self) -> float:\n      return pi * self.radius**2\n\nclass Container:\n   def __init__(self, inner: Circle) -> None:\n      self.inner = inner\n\ncircle = Circle(radius=4.0)\ncontainer = Container(circle)\nprint(container.area)",
    "version_results": [
      {
        "version": "3.0 - 3.5",
        "diagnostic": "  File \"examples/attribute_only_available_in_member.py\", line 4\r\n    radius: float\r\n          ^\r\nSyntaxError: invalid syntax\r\n"
      },
      {
        "version": "3.6",
        "diagnostic": "Traceback (most recent call last):\r\n  File \"examples/attribute_only_available_in_member.py\", line 1, in <module>\r\n    from dataclasses import dataclass\r\nModuleNotFoundError: No module named 'dataclasses'\r\n"
      },
      {
        "version": "3.7 - 3.8",
        "diagnostic": "Traceback (most recent call last):\r\n  File \"examples/attribute_only_available_in_member.py\", line 16, in <module>\r\n    print(container.area)\r\nAttributeError: 'Container' object has no attribute 'area'\r\n"
      },
      {
        "version": "3.9 - 3.10",
        "diagnostic": "Traceback (most recent call last):\r\n  File \"/workspace/examples/attribute_only_available_in_member.py\", line 16, in <module>\r\n    print(container.area)\r\nAttributeError: 'Container' object has no attribute 'area'\r\n"
      },
      {
        "version": "3.11 - 3.12",
        "diagnostic": "Traceback (most recent call last):\r\n  File \"/workspace/examples/attribute_only_available_in_member.py\", line 16, in <module>\r\n    print(container.area)\r\n          ^^^^^^^^^^^^^^\r\nAttributeError: 'Container' object has no attribute 'area'\r\n"
      },
      {
        "version": "3.13 - 3.15a3",
        "diagnostic": "Traceback (most recent call last):\r\n  File \u001b[35m\"/workspace/examples/attribute_only_available_in_member.py\"\u001b[0m, line \u001b[35m16\u001b[0m, in \u001b[35m<module>\u001b[0m\r\n    print(\u001b[1;31mcontainer.area\u001b[0m)\r\n          \u001b[1;31m^^^^^^^^^^^^^^\u001b[0m\r\n\u001b[1;35mAttributeError\u001b[0m: \u001b[35m'Container' object has no attribute 'area'\u001b[0m\r\n"
      }
    ]
  },
  {
    "name": "examples/while_keyword_typeo.py",
    "title": "While keyword typo",
    "description": "When a word that closely resembles a Python keyword is encountered, the interpreter will suggest the correct keyword in the error message.\nFrom the [Python3.14 release notes](https://docs.python.org/3/whatsnew/3.14.html#improved-error-messages). (Contributed by Pablo Galindo in [gh-132449](https://github.com/python/cpython/issues/132449).)",
    "code": "whille True:\n    pass",
    "version_results": [
      {
        "version": "3.0 - 3.7",
        "diagnostic": "  File \"examples/while_keyword_typeo.py\", line 1\r\n    whille True:\r\n              ^\r\nSyntaxError: invalid syntax\r\n"
      },
      {
        "version": "3.8",
        "diagnostic": "  File \"examples/while_keyword_typeo.py\", line 1\r\n    whille True:\r\n           ^\r\nSyntaxError: invalid syntax\r\n"
      },
      {
        "version": "3.9",
        "diagnostic": "  File \"/workspace/examples/while_keyword_typeo.py\", line 1\r\n    whille True:\r\n           ^\r\nSyntaxError: invalid syntax\r\n"
      },
      {
        "version": "3.10 - 3.12",
        "diagnostic": "  File \"/workspace/examples/while_keyword_typeo.py\", line 1\r\n    whille True:\r\n           ^^^^\r\nSyntaxError: invalid syntax\r\n"
      },
      {
        "version": "3.13",
        "diagnostic": "  File \u001b[35m\"/workspace/examples/while_keyword_typeo.py\"\u001b[0m, line \u001b[35m1\u001b[0m\r\n    whille \u001b[1;31mTrue\u001b[0m:\r\n           \u001b[1;31m^^^^\u001b[0m\r\n\u001b[1;35mSyntaxError\u001b[0m: \u001b[35minvalid syntax\u001b[0m\r\n"
      },
      {
        "version": "3.14 - 3.15a3",
        "diagnostic": "  File \u001b[35m\"/workspace/examples/while_keyword_typeo.py\"\u001b[0m, line \u001b[35m1\u001b[0m\r\n    \u001b[1;31mwhille\u001b[0m True:\r\n    \u001b[1;31m^^^^^^\u001b[0m\r\n\u001b[1;35mSyntaxError\u001b[0m: \u001b[35minvalid syntax. Did you mean 'while'?\u001b[0m\r\n"
      }
    ]
  },
  {
    "name": "examples/elif_follows_else.py",
    "title": "Elif Follows Else",
    "description": "From the [Python3.14 release notes](https://docs.python.org/3/whatsnew/3.14.html#improved-error-messages). \n(Contributed by Steele Farnsworth in [gh-129902](https://github.com/python/cpython/issues/129902).)",
    "code": "who = \"kuchen\"\nif who == \"me\":\n    print(\"It's me!\")\nelse:\n    print(\"It's not me!\")\nelif who is None:\n    print(\"Who is it?\")",
    "version_results": [
      {
        "version": "3.0 - 3.7",
        "diagnostic": "  File \"examples/elif_follows_else.py\", line 6\r\n    elif who is None:\r\n       ^\r\nSyntaxError: invalid syntax\r\n"
      },
      {
        "version": "3.8",
        "diagnostic": "  File \"examples/elif_follows_else.py\", line 6\r\n    elif who is None:\r\n    ^\r\nSyntaxError: invalid syntax\r\n"
      },
      {
        "version": "3.9",
        "diagnostic": "  File \"/workspace/examples/elif_follows_else.py\", line 6\r\n    elif who is None:\r\n    ^\r\nSyntaxError: invalid syntax\r\n"
      },
      {
        "version": "3.10 - 3.12",
        "diagnostic": "  File \"/workspace/examples/elif_follows_else.py\", line 6\r\n    elif who is None:\r\n    ^^^^\r\nSyntaxError: invalid syntax\r\n"
      },
      {
        "version": "3.13",
        "diagnostic": "  File \u001b[35m\"/workspace/examples/elif_follows_else.py\"\u001b[0m, line \u001b[35m6\u001b[0m\r\n    \u001b[1;31melif\u001b[0m who is None:\r\n    \u001b[1;31m^^^^\u001b[0m\r\n\u001b[1;35mSyntaxError\u001b[0m: \u001b[35minvalid syntax\u001b[0m\r\n"
      },
      {
        "version": "3.14 - 3.15a3",
        "diagnostic": "  File \u001b[35m\"/workspace/examples/elif_follows_else.py\"\u001b[0m, line \u001b[35m6\u001b[0m\r\n    \u001b[1;31melif\u001b[0m who is None:\r\n    \u001b[1;31m^^^^\u001b[0m\r\n\u001b[1;35mSyntaxError\u001b[0m: \u001b[35m'elif' block follows an 'else' block\u001b[0m\r\n"
      }
    ]
  },
  {
    "name": "examples/statement_in_if_expression.py",
    "title": "Statement In If Expression",
    "description": "From the [Python3.14 release notes](https://docs.python.org/3/whatsnew/3.14.html#improved-error-messages). \n(Contributed by Sergey Miryanov in [gh-129515](https://github.com/python/cpython/issues/129515).)\n",
    "code": "x = 1 if True else pass",
    "version_results": [
      {
        "version": "3.0 - 3.7",
        "diagnostic": "  File \"examples/statement_in_if_expression.py\", line 1\r\n    x = 1 if True else pass\r\n                          ^\r\nSyntaxError: invalid syntax\r\n"
      },
      {
        "version": "3.8",
        "diagnostic": "  File \"examples/statement_in_if_expression.py\", line 1\r\n    x = 1 if True else pass\r\n                       ^\r\nSyntaxError: invalid syntax\r\n"
      },
      {
        "version": "3.9",
        "diagnostic": "  File \"/workspace/examples/statement_in_if_expression.py\", line 1\r\n    x = 1 if True else pass\r\n                       ^\r\nSyntaxError: invalid syntax\r\n"
      },
      {
        "version": "3.10 - 3.12",
        "diagnostic": "  File \"/workspace/examples/statement_in_if_expression.py\", line 1\r\n    x = 1 if True else pass\r\n                       ^^^^\r\nSyntaxError: invalid syntax\r\n"
      },
      {
        "version": "3.13",
        "diagnostic": "  File \u001b[35m\"/workspace/examples/statement_in_if_expression.py\"\u001b[0m, line \u001b[35m1\u001b[0m\r\n    x = 1 if True else \u001b[1;31mpass\u001b[0m\r\n                       \u001b[1;31m^^^^\u001b[0m\r\n\u001b[1;35mSyntaxError\u001b[0m: \u001b[35minvalid syntax\u001b[0m\r\n"
      },
      {
        "version": "3.14 - 3.15a3",
        "diagnostic": "  File \u001b[35m\"/workspace/examples/statement_in_if_expression.py\"\u001b[0m, line \u001b[35m1\u001b[0m\r\n    x = 1 if True else \u001b[1;31mpass\u001b[0m\r\n                       \u001b[1;31m^^^^\u001b[0m\r\n\u001b[1;35mSyntaxError\u001b[0m: \u001b[35mexpected expression after 'else', but statement is given\u001b[0m\r\n"
      }
    ]
  },
  {
    "name": "examples/incorrectly_closed_string.py",
    "title": "Incorrectly Closed String",
    "description": "When incorrectly closed strings are detected, the error message suggests that the string may be intended to be part of the string.\nFrom the [Python3.14 release notes](https://docs.python.org/3/whatsnew/3.14.html#improved-error-messages). \n(Contributed by Pablo Galindo in [gh-88535](https://github.com/python/cpython/issues/88535).)\n",
    "code": "\"The interesting object \"The important object\" is very important\"",
    "version_results": [
      {
        "version": "3.0 - 3.7",
        "diagnostic": "  File \"examples/incorrectly_closed_string.py\", line 1\r\n    \"The interesting object \"The important object\" is very important\"\r\n                               ^\r\nSyntaxError: invalid syntax\r\n"
      },
      {
        "version": "3.8",
        "diagnostic": "  File \"examples/incorrectly_closed_string.py\", line 1\r\n    \"The interesting object \"The important object\" is very important\"\r\n                             ^\r\nSyntaxError: invalid syntax\r\n"
      },
      {
        "version": "3.9",
        "diagnostic": "  File \"/workspace/examples/incorrectly_closed_string.py\", line 1\r\n    \"The interesting object \"The important object\" is very important\"\r\n                             ^\r\nSyntaxError: invalid syntax\r\n"
      },
      {
        "version": "3.10 - 3.12",
        "diagnostic": "  File \"/workspace/examples/incorrectly_closed_string.py\", line 1\r\n    \"The interesting object \"The important object\" is very important\"\r\n                             ^^^\r\nSyntaxError: invalid syntax\r\n"
      },
      {
        "version": "3.13",
        "diagnostic": "  File \u001b[35m\"/workspace/examples/incorrectly_closed_string.py\"\u001b[0m, line \u001b[35m1\u001b[0m\r\n    \"The interesting object \"\u001b[1;31mThe\u001b[0m important object\" is very important\"\r\n                             \u001b[1;31m^^^\u001b[0m\r\n\u001b[1;35mSyntaxError\u001b[0m: \u001b[35minvalid syntax\u001b[0m\r\n"
      },
      {
        "version": "3.14 - 3.15a3",
        "diagnostic": "  File \u001b[35m\"/workspace/examples/incorrectly_closed_string.py\"\u001b[0m, line \u001b[35m1\u001b[0m\r\n    \"The interesting object \"\u001b[1;31mThe important object\u001b[0m\" is very important\"\r\n                             \u001b[1;31m^^^^^^^^^^^^^^^^^^^^\u001b[0m\r\n\u001b[1;35mSyntaxError\u001b[0m: \u001b[35minvalid syntax. Is this intended to be part of the string?\u001b[0m\r\n"
      }
    ]
  },
  {
    "name": "examples/incompatible_string_prefixes.py",
    "title": "Incompatible String Prefixes",
    "description": "When strings have incompatible prefixes, the error now shows which prefixes are incompatible.\nFrom the [Python3.14 release notes](https://docs.python.org/3/whatsnew/3.14.html#improved-error-messages). \n(Contributed by Nikita Sobolev in [gh-133197](https://github.com/python/cpython/issues/133197).)\n",
    "code": "ub'abc'",
    "version_results": [
      {
        "version": "3.0 - 3.7",
        "diagnostic": "  File \"examples/incompatible_string_prefixes.py\", line 1\r\n    ub'abc'\r\n          ^\r\nSyntaxError: invalid syntax\r\n"
      },
      {
        "version": "3.8",
        "diagnostic": "  File \"examples/incompatible_string_prefixes.py\", line 1\r\n    ub'abc'\r\n      ^\r\nSyntaxError: invalid syntax\r\n"
      },
      {
        "version": "3.9",
        "diagnostic": "  File \"/workspace/examples/incompatible_string_prefixes.py\", line 1\r\n    ub'abc'\r\n      ^\r\nSyntaxError: invalid syntax\r\n"
      },
      {
        "version": "3.10 - 3.12",
        "diagnostic": "  File \"/workspace/examples/incompatible_string_prefixes.py\", line 1\r\n    ub'abc'\r\n      ^^^^^\r\nSyntaxError: invalid syntax\r\n"
      },
      {
        "version": "3.13",
        "diagnostic": "  File \u001b[35m\"/workspace/examples/incompatible_string_prefixes.py\"\u001b[0m, line \u001b[35m1\u001b[0m\r\n    ub\u001b[1;31m'abc'\u001b[0m\r\n      \u001b[1;31m^^^^^\u001b[0m\r\n\u001b[1;35mSyntaxError\u001b[0m: \u001b[35minvalid syntax\u001b[0m\r\n"
      },
      {
        "version": "3.14 - 3.15a3",
        "diagnostic": "  File \u001b[35m\"/workspace/examples/incompatible_string_prefixes.py\"\u001b[0m, line \u001b[35m1\u001b[0m\r\n    \u001b[1;31mub\u001b[0m'abc'\r\n    \u001b[1;31m^^\u001b[0m\r\n\u001b[1;35mSyntaxError\u001b[0m: \u001b[35m'u' and 'b' prefixes are incompatible\u001b[0m\r\n"
      }
    ]
  },
  {
    "name": "examples/add_dict_to_set.py",
    "title": "Add Dict To Set",
    "description": "Error message when trying to add an instance of an unhashable type to a dict or set. \nFrom the [Python3.14 release notes](https://docs.python.org/3/whatsnew/3.14.html#improved-error-messages). \n(Contributed by CF Bolz-Tereick and Victor Stinner in [gh-132828](https://github.com/python/cpython/issues/132828).)\n",
    "code": "s = set()\ns.add({\"pages\": 12, \"grade\": \"A\"})",
    "version_results": [
      {
        "version": "3.0 - 3.8",
        "diagnostic": "Traceback (most recent call last):\r\n  File \"examples/add_dict_to_set.py\", line 2, in <module>\r\n    s.add({\"pages\": 12, \"grade\": \"A\"})\r\nTypeError: unhashable type: 'dict'\r\n"
      },
      {
        "version": "3.9 - 3.12",
        "diagnostic": "Traceback (most recent call last):\r\n  File \"/workspace/examples/add_dict_to_set.py\", line 2, in <module>\r\n    s.add({\"pages\": 12, \"grade\": \"A\"})\r\nTypeError: unhashable type: 'dict'\r\n"
      },
      {
        "version": "3.13",
        "diagnostic": "Traceback (most recent call last):\r\n  File \u001b[35m\"/workspace/examples/add_dict_to_set.py\"\u001b[0m, line \u001b[35m2\u001b[0m, in \u001b[35m<module>\u001b[0m\r\n    \u001b[31ms.add\u001b[0m\u001b[1;31m({\"pages\": 12, \"grade\": \"A\"})\u001b[0m\r\n    \u001b[31m~~~~~\u001b[0m\u001b[1;31m^^^^^^^^^^^^^^^^^^^^^^^^^^^^^\u001b[0m\r\n\u001b[1;35mTypeError\u001b[0m: \u001b[35munhashable type: 'dict'\u001b[0m\r\n"
      },
      {
        "version": "3.14 - 3.15a3",
        "diagnostic": "Traceback (most recent call last):\r\n  File \u001b[35m\"/workspace/examples/add_dict_to_set.py\"\u001b[0m, line \u001b[35m2\u001b[0m, in \u001b[35m<module>\u001b[0m\r\n    \u001b[31ms.add\u001b[0m\u001b[1;31m({\"pages\": 12, \"grade\": \"A\"})\u001b[0m\r\n    \u001b[31m~~~~~\u001b[0m\u001b[1;31m^^^^^^^^^^^^^^^^^^^^^^^^^^^^^\u001b[0m\r\n\u001b[1;35mTypeError\u001b[0m: \u001b[35mcannot use 'dict' as a set element (unhashable type: 'dict')\u001b[0m\r\n"
      }
    ]
  },
  {
    "name": "examples/random.py",
    "title": "Name clash with stdlib",
    "description": "Acommon mistake is to write a script with the same name as a standard library module. When this results in errors, we now display a more helpful error message\nFrom the [Python3.13 release notes](https://docs.python.org/3/whatsnew/3.13.html#improved-error-messages).\n(Contributed by Shantanu Jain in [gh-95754](https://github.com/python/cpython/issues/95754).)\n",
    "code": "import random\nprint(random.randint(5))",
    "version_results": [
      {
        "version": "3.0 - 3.4",
        "diagnostic": "Traceback (most recent call last):\r\n  File \"examples/random.py\", line 1, in <module>\r\n    import random\r\n  File \"/workspace/examples/random.py\", line 2, in <module>\r\n    print(random.randint(5))\r\nAttributeError: 'module' object has no attribute 'randint'\r\n"
      },
      {
        "version": "3.5 - 3.7",
        "diagnostic": "Traceback (most recent call last):\r\n  File \"examples/random.py\", line 1, in <module>\r\n    import random\r\n  File \"/workspace/examples/random.py\", line 2, in <module>\r\n    print(random.randint(5))\r\nAttributeError: module 'random' has no attribute 'randint'\r\n"
      },
      {
        "version": "3.8",
        "diagnostic": "Traceback (most recent call last):\r\n  File \"examples/random.py\", line 1, in <module>\r\n    import random\r\n  File \"/workspace/examples/random.py\", line 2, in <module>\r\n    print(random.randint(5))\r\nAttributeError: partially initialized module 'random' has no attribute 'randint' (most likely due to a circular import)\r\n"
      },
      {
        "version": "3.9 - 3.10",
        "diagnostic": "Traceback (most recent call last):\r\n  File \"/workspace/examples/random.py\", line 1, in <module>\r\n    import random\r\n  File \"/workspace/examples/random.py\", line 2, in <module>\r\n    print(random.randint(5))\r\nAttributeError: partially initialized module 'random' has no attribute 'randint' (most likely due to a circular import)\r\n"
      },
      {
        "version": "3.11 - 3.12",
        "diagnostic": "Traceback (most recent call last):\r\n  File \"/workspace/examples/random.py\", line 1, in <module>\r\n    import random\r\n  File \"/workspace/examples/random.py\", line 2, in <module>\r\n    print(random.randint(5))\r\n          ^^^^^^^^^^^^^^\r\nAttributeError: partially initialized module 'random' has no attribute 'randint' (most likely due to a circular import)\r\n"
      },
      {
        "version": "3.13 - 3.15a3",
        "diagnostic": "Traceback (most recent call last):\r\n  File \u001b[35m\"/workspace/examples/random.py\"\u001b[0m, line \u001b[35m1\u001b[0m, in \u001b[35m<module>\u001b[0m\r\n    import random\r\n  File \u001b[35m\"/workspace/examples/random.py\"\u001b[0m, line \u001b[35m2\u001b[0m, in \u001b[35m<module>\u001b[0m\r\n    print(\u001b[1;31mrandom.randint\u001b[0m(5))\r\n          \u001b[1;31m^^^^^^^^^^^^^^\u001b[0m\r\n\u001b[1;35mAttributeError\u001b[0m: \u001b[35mmodule 'random' has no attribute 'randint' (consider renaming '/workspace/examples/random.py' since it has the same name as the standard library module named 'random' and prevents importing that standard library module)\u001b[0m\r\n"
      }
    ]
  },
  {
    "name": "examples/typo_in_keyword_argument.py",
    "title": "Typo In Keyword Argument",
    "description": "The error message now tries to suggest the correct keyword argument when an incorrect keyword argument is passed to a function.\nFrom the [Python3.13 release notes](https://docs.python.org/3/whatsnew/3.13.html#improved-error-messages).\n(Contributed by Pablo Galindo Salgado and Shantanu Jain in [gh-107944](https://github.com/python/cpython/issues/107944).)\n",
    "code": "\"Better error messages!\".split(max_split=1)",
    "version_results": [
      {
        "version": "3.0 - 3.2",
        "diagnostic": "Traceback (most recent call last):\r\n  File \"examples/typo_in_keyword_argument.py\", line 1, in <module>\r\n    \"Better error messages!\".split(max_split=1)\r\nTypeError: split() takes no keyword arguments\r\n"
      },
      {
        "version": "3.3 - 3.6",
        "diagnostic": "Traceback (most recent call last):\r\n  File \"examples/typo_in_keyword_argument.py\", line 1, in <module>\r\n    \"Better error messages!\".split(max_split=1)\r\nTypeError: 'max_split' is an invalid keyword argument for this function\r\n"
      },
      {
        "version": "3.7 - 3.8",
        "diagnostic": "Traceback (most recent call last):\r\n  File \"examples/typo_in_keyword_argument.py\", line 1, in <module>\r\n    \"Better error messages!\".split(max_split=1)\r\nTypeError: 'max_split' is an invalid keyword argument for split()\r\n"
      },
      {
        "version": "3.9 - 3.12",
        "diagnostic": "Traceback (most recent call last):\r\n  File \"/workspace/examples/typo_in_keyword_argument.py\", line 1, in <module>\r\n    \"Better error messages!\".split(max_split=1)\r\nTypeError: 'max_split' is an invalid keyword argument for split()\r\n"
      },
      {
        "version": "3.13 - 3.15a3",
        "diagnostic": "Traceback (most recent call last):\r\n  File \u001b[35m\"/workspace/examples/typo_in_keyword_argument.py\"\u001b[0m, line \u001b[35m1\u001b[0m, in \u001b[35m<module>\u001b[0m\r\n    \u001b[31m\"Better error messages!\".split\u001b[0m\u001b[1;31m(max_split=1)\u001b[0m\r\n    \u001b[31m~~~~~~~~~~~~~~~~~~~~~~~~~~~~~~\u001b[0m\u001b[1;31m^^^^^^^^^^^^^\u001b[0m\r\n\u001b[1;35mTypeError\u001b[0m: \u001b[35msplit() got an unexpected keyword argument 'max_split'. Did you mean 'maxsplit'?\u001b[0m\r\n"
      }
    ]
  },
  {
    "name": "examples/forgotten_stdlib_import.py",
    "title": "Forgotten Stdlib Import",
    "description": "Modules from the standard library are now potentially suggested as part of the error messages displayed by the interpreter.\nFrom the [Python3.12 release notes](https://docs.python.org/3.12/whatsnew/3.12.html#improved-error-messages).\n(Contributed by Pablo Galindo in [gh-98254](https://github.com/python/cpython/issues/98254).)\n",
    "code": "sys.version_info\n",
    "version_results": [
      {
        "version": "3.0 - 3.8",
        "diagnostic": "Traceback (most recent call last):\r\n  File \"examples/forgotten_stdlib_import.py\", line 1, in <module>\r\n    sys.version_info\r\nNameError: name 'sys' is not defined\r\n"
      },
      {
        "version": "3.9 - 3.10",
        "diagnostic": "Traceback (most recent call last):\r\n  File \"/workspace/examples/forgotten_stdlib_import.py\", line 1, in <module>\r\n    sys.version_info\r\nNameError: name 'sys' is not defined\r\n"
      },
      {
        "version": "3.11",
        "diagnostic": "Traceback (most recent call last):\r\n  File \"/workspace/examples/forgotten_stdlib_import.py\", line 1, in <module>\r\n    sys.version_info\r\n    ^^^\r\nNameError: name 'sys' is not defined\r\n"
      },
      {
        "version": "3.12",
        "diagnostic": "Traceback (most recent call last):\r\n  File \"/workspace/examples/forgotten_stdlib_import.py\", line 1, in <module>\r\n    sys.version_info\r\n    ^^^\r\nNameError: name 'sys' is not defined. Did you forget to import 'sys'?\r\n"
      },
      {
        "version": "3.13 - 3.15a3",
        "diagnostic": "Traceback (most recent call last):\r\n  File \u001b[35m\"/workspace/examples/forgotten_stdlib_import.py\"\u001b[0m, line \u001b[35m1\u001b[0m, in \u001b[35m<module>\u001b[0m\r\n    \u001b[1;31msys\u001b[0m.version_info\r\n    \u001b[1;31m^^^\u001b[0m\r\n\u001b[1;35mNameError\u001b[0m: \u001b[35mname 'sys' is not defined. Did you forget to import 'sys'?\u001b[0m\r\n"
      }
    ]
  },
  {
    "name": "examples/missing_self_attribute.py",
    "title": "Missing Self Attribute",
    "description": "If a NameError is raised in a method and the instance has an attribute that\u2019s exactly equal to the name in the exception,\nthe interpreter will suggest that one.\nFrom the [Python3.12 release notes](https://docs.python.org/3.12/whatsnew/3.12.html#improved-error-messages).\n(Contributed by Pablo Galindo in [gh-99139](https://github.com/python/cpython/issues/99139).)\n",
    "code": "class A:\n    def __init__(self):\n        self.blech = 1\n\n    def foo(self):\n        somethin = blech\n\n\nA().foo()",
    "version_results": [
      {
        "version": "3.0 - 3.3",
        "diagnostic": "Traceback (most recent call last):\r\n  File \"examples/missing_self_attribute.py\", line 9, in <module>\r\n    A().foo()\r\n  File \"examples/missing_self_attribute.py\", line 6, in foo\r\n    somethin = blech\r\nNameError: global name 'blech' is not defined\r\n"
      },
      {
        "version": "3.4 - 3.8",
        "diagnostic": "Traceback (most recent call last):\r\n  File \"examples/missing_self_attribute.py\", line 9, in <module>\r\n    A().foo()\r\n  File \"examples/missing_self_attribute.py\", line 6, in foo\r\n    somethin = blech\r\nNameError: name 'blech' is not defined\r\n"
      },
      {
        "version": "3.9 - 3.10",
        "diagnostic": "Traceback (most recent call last):\r\n  File \"/workspace/examples/missing_self_attribute.py\", line 9, in <module>\r\n    A().foo()\r\n  File \"/workspace/examples/missing_self_attribute.py\", line 6, in foo\r\n    somethin = blech\r\nNameError: name 'blech' is not defined\r\n"
      },
      {
        "version": "3.11",
        "diagnostic": "Traceback (most recent call last):\r\n  File \"/workspace/examples/missing_self_attribute.py\", line 9, in <module>\r\n    A().foo()\r\n  File \"/workspace/examples/missing_self_attribute.py\", line 6, in foo\r\n    somethin = blech\r\n               ^^^^^\r\nNameError: name 'blech' is not defined\r\n"
      },
      {
        "version": "3.12",
        "diagnostic": "Traceback (most recent call last):\r\n  File \"/workspace/examples/missing_self_attribute.py\", line 9, in <module>\r\n    A().foo()\r\n  File \"/workspace/examples/missing_self_attribute.py\", line 6, in foo\r\n    somethin = blech\r\n               ^^^^^\r\nNameError: name 'blech' is not defined. Did you mean: 'self.blech'?\r\n"
      },
      {
        "version": "3.13 - 3.15a3",
        "diagnostic": "Traceback (most recent call last):\r\n  File \u001b[35m\"/workspace/examples/missing_self_attribute.py\"\u001b[0m, line \u001b[35m9\u001b[0m, in \u001b[35m<module>\u001b[0m\r\n    \u001b[31mA().foo\u001b[0m\u001b[1;31m()\u001b[0m\r\n    \u001b[31m~~~~~~~\u001b[0m\u001b[1;31m^^\u001b[0m\r\n  File \u001b[35m\"/workspace/examples/missing_self_attribute.py\"\u001b[0m, line \u001b[35m6\u001b[0m, in \u001b[35mfoo\u001b[0m\r\n    somethin = \u001b[1;31mblech\u001b[0m\r\n               \u001b[1;31m^^^^^\u001b[0m\r\n\u001b[1;35mNameError\u001b[0m: \u001b[35mname 'blech' is not defined. Did you mean: 'self.blech'?\u001b[0m\r\n"
      }
    ]
  },
  {
    "name": "examples/switched_import_from.py",
    "title": "Switched Import From",
    "description": "From the [Python3.12 release notes](https://docs.python.org/3.12/whatsnew/3.12.html#improved-error-messages).\n(Contributed by Pablo Galindo in [gh-98931](https://github.com/python/cpython/issues/98931).)\n",
    "code": "import a.y.z from b.y.z",
    "version_results": [
      {
        "version": "3.0 - 3.7",
        "diagnostic": "  File \"examples/switched_import_from.py\", line 1\r\n    import a.y.z from b.y.z\r\n                    ^\r\nSyntaxError: invalid syntax\r\n"
      },
      {
        "version": "3.8",
        "diagnostic": "  File \"examples/switched_import_from.py\", line 1\r\n    import a.y.z from b.y.z\r\n                 ^\r\nSyntaxError: invalid syntax\r\n"
      },
      {
        "version": "3.9",
        "diagnostic": "  File \"/workspace/examples/switched_import_from.py\", line 1\r\n    import a.y.z from b.y.z\r\n                 ^\r\nSyntaxError: invalid syntax\r\n"
      },
      {
        "version": "3.10 - 3.11",
        "diagnostic": "  File \"/workspace/examples/switched_import_from.py\", line 1\r\n    import a.y.z from b.y.z\r\n                 ^^^^\r\nSyntaxError: invalid syntax\r\n"
      },
      {
        "version": "3.12",
        "diagnostic": "  File \"/workspace/examples/switched_import_from.py\", line 1\r\n    import a.y.z from b.y.z\r\n    ^^^^^^^^^^^^^^^^^^^^^^^\r\nSyntaxError: Did you mean to use 'from ... import ...' instead?\r\n"
      },
      {
        "version": "3.13 - 3.15a3",
        "diagnostic": "  File \u001b[35m\"/workspace/examples/switched_import_from.py\"\u001b[0m, line \u001b[35m1\u001b[0m\r\n    \u001b[1;31mimport a.y.z from b.y.z\u001b[0m\r\n    \u001b[1;31m^^^^^^^^^^^^^^^^^^^^^^^\u001b[0m\r\n\u001b[1;35mSyntaxError\u001b[0m: \u001b[35mDid you mean to use 'from ... import ...' instead?\u001b[0m\r\n"
      }
    ]
  },
  {
    "name": "examples/typo_in_from_import.py",
    "title": "Typo In From Import",
    "description": "From the [Python3.12 release notes](https://docs.python.org/3.12/whatsnew/3.12.html#improved-error-messages).\n(Contributed by Pablo Galindo in [gh-91058](https://github.com/python/cpython/issues/91058).)\n",
    "code": "from collections import chainmap",
    "version_results": [
      {
        "version": "3.0 - 3.3",
        "diagnostic": "Traceback (most recent call last):\r\n  File \"examples/typo_in_from_import.py\", line 1, in <module>\r\n    from collections import chainmap\r\nImportError: cannot import name chainmap\r\n"
      },
      {
        "version": "3.4 - 3.6",
        "diagnostic": "Traceback (most recent call last):\r\n  File \"examples/typo_in_from_import.py\", line 1, in <module>\r\n    from collections import chainmap\r\nImportError: cannot import name 'chainmap'\r\n"
      },
      {
        "version": "3.7",
        "diagnostic": "Traceback (most recent call last):\r\n  File \"examples/typo_in_from_import.py\", line 1, in <module>\r\n    from collections import chainmap\r\nImportError: cannot import name 'chainmap' from 'collections' (/usr/local/python3.7/lib/python3.7/collections/__init__.py)\r\n"
      },
      {
        "version": "3.8",
        "diagnostic": "Traceback (most recent call last):\r\n  File \"examples/typo_in_from_import.py\", line 1, in <module>\r\n    from collections import chainmap\r\nImportError: cannot import name 'chainmap' from 'collections' (/root/.local/share/uv/python/cpython-3.8.20-linux-x86_64-gnu/lib/python3.8/collections/__init__.py)\r\n"
      },
      {
        "version": "3.9",
        "diagnostic": "Traceback (most recent call last):\r\n  File \"/workspace/examples/typo_in_from_import.py\", line 1, in <module>\r\n    from collections import chainmap\r\nImportError: cannot import name 'chainmap' from 'collections' (/root/.local/share/uv/python/cpython-3.9.25-linux-x86_64-gnu/lib/python3.9/collections/__init__.py)\r\n"
      },
      {
        "version": "3.10",
        "diagnostic": "Traceback (most recent call last):\r\n  File \"/workspace/examples/typo_in_from_import.py\", line 1, in <module>\r\n    from collections import chainmap\r\nImportError: cannot import name 'chainmap' from 'collections' (/root/.local/share/uv/python/cpython-3.10.19-linux-x86_64-gnu/lib/python3.10/collections/__init__.py)\r\n"
      },
      {
        "version": "3.11",
        "diagnostic": "Traceback (most recent call last):\r\n  File \"/workspace/examples/typo_in_from_import.py\", line 1, in <module>\r\n    from collections import chainmap\r\nImportError: cannot import name 'chainmap' from 'collections' (/root/.local/share/uv/python/cpython-3.11.14-linux-x86_64-gnu/lib/python3.11/collections/__init__.py)\r\n"
      },
      {
        "version": "3.12",
        "diagnostic": "Traceback (most recent call last):\r\n  File \"/workspace/examples/typo_in_from_import.py\", line 1, in <module>\r\n    from collections import chainmap\r\nImportError: cannot import name 'chainmap' from 'collections' (/root/.local/share/uv/python/cpython-3.12.12-linux-x86_64-gnu/lib/python3.12/collections/__init__.py). Did you mean: 'ChainMap'?\r\n"
      },
      {
        "version": "3.13",
        "diagnostic": "Traceback (most recent call last):\r\n  File \u001b[35m\"/workspace/examples/typo_in_from_import.py\"\u001b[0m, line \u001b[35m1\u001b[0m, in \u001b[35m<module>\u001b[0m\r\n    from collections import chainmap\r\n\u001b[1;35mImportError\u001b[0m: \u001b[35mcannot import name 'chainmap' from 'collections' (/root/.local/share/uv/python/cpython-3.13.11-linux-x86_64-gnu/lib/python3.13/collections/__init__.py). Did you mean: 'ChainMap'?\u001b[0m\r\n"
      },
      {
        "version": "3.14",
        "diagnostic": "Traceback (most recent call last):\r\n  File \u001b[35m\"/workspace/examples/typo_in_from_import.py\"\u001b[0m, line \u001b[35m1\u001b[0m, in \u001b[35m<module>\u001b[0m\r\n    from collections import chainmap\r\n\u001b[1;35mImportError\u001b[0m: \u001b[35mcannot import name 'chainmap' from 'collections' (/root/.local/share/uv/python/cpython-3.14.2-linux-x86_64-gnu/lib/python3.14/collections/__init__.py). Did you mean: 'ChainMap'?\u001b[0m\r\n"
      },
      {
        "version": "3.15a3",
        "diagnostic": "Traceback (most recent call last):\r\n  File \u001b[35m\"/workspace/examples/typo_in_from_import.py\"\u001b[0m, line \u001b[35m1\u001b[0m, in \u001b[35m<module>\u001b[0m\r\n    from collections import chainmap\r\n\u001b[1;35mImportError\u001b[0m: \u001b[35mcannot import name 'chainmap' from 'collections' (/root/.local/share/uv/python/cpython-3.15.0a3-linux-x86_64-gnu/lib/python3.15/collections/__init__.py). Did you mean: 'ChainMap'?\u001b[0m\r\n"
      }
    ]
  },
  {
    "name": "examples/dict_literal_not_closed.py",
    "title": "Dict Literal Not Closed",
    "description": "When parsing code that contains unclosed parentheses or brackets the interpreter now includes the location of the unclosed bracket of parentheses.\nIn a similar way, errors involving unclosed string literals (single and triple quoted) now point to the start of the string instead of reporting EOF/EOL.\nFrom the [Python3.10 release notes](https://docs.python.org/3/whatsnew/3.10.html#better-error-messages).\n(Contributed by Pablo Galindo in [bpo-42864](https://bugs.python.org/issue?@action=redirect&bpo=42864) and Batuhan Taskaya in [bpo-40176](https://bugs.python.org/issue?@action=redirect&bpo=40176).)\n",
    "code": "expected = {9: 1, 18: 2, 19: 2, 27: 3, 28: 3, 29: 3, 36: 4, 37: 4,\n            38: 4, 39: 4, 45: 5, 46: 5, 47: 5, 48: 5, 49: 5, 54: 6,\nsome_other_code = foo()",
    "version_results": [
      {
        "version": "3.0 - 3.8",
        "diagnostic": "  File \"examples/dict_literal_not_closed.py\", line 3\r\n    some_other_code = foo()\r\n                    ^\r\nSyntaxError: invalid syntax\r\n"
      },
      {
        "version": "3.9",
        "diagnostic": "  File \"/workspace/examples/dict_literal_not_closed.py\", line 3\r\n    some_other_code = foo()\r\n                    ^\r\nSyntaxError: invalid syntax\r\n"
      },
      {
        "version": "3.10 - 3.12",
        "diagnostic": "  File \"/workspace/examples/dict_literal_not_closed.py\", line 1\r\n    expected = {9: 1, 18: 2, 19: 2, 27: 3, 28: 3, 29: 3, 36: 4, 37: 4,\r\n               ^\r\nSyntaxError: '{' was never closed\r\n"
      },
      {
        "version": "3.13 - 3.15a3",
        "diagnostic": "  File \u001b[35m\"/workspace/examples/dict_literal_not_closed.py\"\u001b[0m, line \u001b[35m1\u001b[0m\r\n    expected = \u001b[1;31m{\u001b[0m9: 1, 18: 2, 19: 2, 27: 3, 28: 3, 29: 3, 36: 4, 37: 4,\r\n               \u001b[1;31m^\u001b[0m\r\n\u001b[1;35mSyntaxError\u001b[0m: \u001b[35m'{' was never closed\u001b[0m\r\n"
      }
    ]
  },
  {
    "name": "examples/generator_without_parenthesis.py",
    "title": "Generator Without Parenthesis",
    "description": "SyntaxError exceptions raised by the interpreter will now highlight the full error range of the expression that constitutes the syntax error itself, instead of just where the problem is detected.\nFrom the [Python3.10 release notes](https://docs.python.org/3/whatsnew/3.10.html#better-error-messages).\n(Contributed by Pablo Galindo in [bpo-43914](https://bugs.python.org/issue?@action=redirect&bpo=43914).)\n",
    "code": "foo(x, z for z in range(10), t, w)",
    "version_results": [
      {
        "version": "3.0 - 3.1",
        "diagnostic": "  File \"examples/generator_without_parenthesis.py\", line 1\r\n    foo(x, z for z in range(10), t, w)\r\nSyntaxError: Generator expression must be parenthesized if not sole argument\r\n"
      },
      {
        "version": "3.2 - 3.6",
        "diagnostic": "  File \"examples/generator_without_parenthesis.py\", line 1\r\n    foo(x, z for z in range(10), t, w)\r\n       ^\r\nSyntaxError: Generator expression must be parenthesized if not sole argument\r\n"
      },
      {
        "version": "3.7",
        "diagnostic": "  File \"examples/generator_without_parenthesis.py\", line 1\r\n    foo(x, z for z in range(10), t, w)\r\n          ^\r\nSyntaxError: Generator expression must be parenthesized\r\n"
      },
      {
        "version": "3.8",
        "diagnostic": "  File \"examples/generator_without_parenthesis.py\", line 1\r\n    foo(x, z for z in range(10), t, w)\r\n           ^\r\nSyntaxError: Generator expression must be parenthesized\r\n"
      },
      {
        "version": "3.9",
        "diagnostic": "  File \"/workspace/examples/generator_without_parenthesis.py\", line 1\r\n    foo(x, z for z in range(10), t, w)\r\n           ^\r\nSyntaxError: Generator expression must be parenthesized\r\n"
      },
      {
        "version": "3.10 - 3.12",
        "diagnostic": "  File \"/workspace/examples/generator_without_parenthesis.py\", line 1\r\n    foo(x, z for z in range(10), t, w)\r\n           ^^^^^^^^^^^^^^^^^^^^\r\nSyntaxError: Generator expression must be parenthesized\r\n"
      },
      {
        "version": "3.13 - 3.15a3",
        "diagnostic": "  File \u001b[35m\"/workspace/examples/generator_without_parenthesis.py\"\u001b[0m, line \u001b[35m1\u001b[0m\r\n    foo(x, \u001b[1;31mz for z in range(10)\u001b[0m, t, w)\r\n           \u001b[1;31m^^^^^^^^^^^^^^^^^^^^\u001b[0m\r\n\u001b[1;35mSyntaxError\u001b[0m: \u001b[35mGenerator expression must be parenthesized\u001b[0m\r\n"
      }
    ]
  },
  {
    "name": "examples/missing_colon_before_block.py",
    "title": "Missing Colon Before Block",
    "description": "From the [Python3.10 release notes](https://docs.python.org/3/whatsnew/3.10.html#better-error-messages).\n(Contributed by Pablo Galindo in [bpo-42997](https://bugs.python.org/issue?@action=redirect&bpo=42997).)\n",
    "code": "if rocket.position > event_horizon",
    "version_results": [
      {
        "version": "3.0 - 3.8",
        "diagnostic": "  File \"examples/missing_colon_before_block.py\", line 1\r\n    if rocket.position > event_horizon\r\n                                     ^\r\nSyntaxError: invalid syntax\r\n"
      },
      {
        "version": "3.9",
        "diagnostic": "  File \"/workspace/examples/missing_colon_before_block.py\", line 1\r\n    if rocket.position > event_horizon\r\n                                      ^\r\nSyntaxError: invalid syntax\r\n"
      },
      {
        "version": "3.10 - 3.12",
        "diagnostic": "  File \"/workspace/examples/missing_colon_before_block.py\", line 1\r\n    if rocket.position > event_horizon\r\n                                      ^\r\nSyntaxError: expected ':'\r\n"
      },
      {
        "version": "3.13 - 3.15a3",
        "diagnostic": "  File \u001b[35m\"/workspace/examples/missing_colon_before_block.py\"\u001b[0m, line \u001b[35m1\u001b[0m\r\n    if rocket.position > event_horizon\u001b[1;31m\u001b[0m\r\n                                      \u001b[1;31m^\u001b[0m\r\n\u001b[1;35mSyntaxError\u001b[0m: \u001b[35mexpected ':'\u001b[0m\r\n"
      }
    ]
  },
  {
    "name": "examples/unparenthesised_tuple_comprehension_target.py",
    "title": "Unparenthesised Tuple Comprehension Target",
    "description": "From the [Python3.10 release notes](https://docs.python.org/3/whatsnew/3.10.html#better-error-messages).\n(Contributed by Pablo Galindo in [bpo-43017](https://bugs.python.org/issue?@action=redirect&bpo=43017).)\n",
    "code": "{x,y for x,y in zip('abcd', '1234')}",
    "version_results": [
      {
        "version": "3.0 - 3.7",
        "diagnostic": "  File \"examples/unparenthesised_tuple_comprehension_target.py\", line 1\r\n    {x,y for x,y in zip('abcd', '1234')}\r\n           ^\r\nSyntaxError: invalid syntax\r\n"
      },
      {
        "version": "3.8",
        "diagnostic": "  File \"examples/unparenthesised_tuple_comprehension_target.py\", line 1\r\n    {x,y for x,y in zip('abcd', '1234')}\r\n         ^\r\nSyntaxError: invalid syntax\r\n"
      },
      {
        "version": "3.9",
        "diagnostic": "  File \"/workspace/examples/unparenthesised_tuple_comprehension_target.py\", line 1\r\n    {x,y for x,y in zip('abcd', '1234')}\r\n         ^\r\nSyntaxError: invalid syntax\r\n"
      },
      {
        "version": "3.10 - 3.12",
        "diagnostic": "  File \"/workspace/examples/unparenthesised_tuple_comprehension_target.py\", line 1\r\n    {x,y for x,y in zip('abcd', '1234')}\r\n     ^^^\r\nSyntaxError: did you forget parentheses around the comprehension target?\r\n"
      },
      {
        "version": "3.13 - 3.15a3",
        "diagnostic": "  File \u001b[35m\"/workspace/examples/unparenthesised_tuple_comprehension_target.py\"\u001b[0m, line \u001b[35m1\u001b[0m\r\n    {\u001b[1;31mx,y\u001b[0m for x,y in zip('abcd', '1234')}\r\n     \u001b[1;31m^^^\u001b[0m\r\n\u001b[1;35mSyntaxError\u001b[0m: \u001b[35mdid you forget parentheses around the comprehension target?\u001b[0m\r\n"
      }
    ]
  },
  {
    "name": "examples/missing_commas_collection_literals.py",
    "title": "Missing Commas Collection Literals",
    "description": "From the [Python3.10 release notes](https://docs.python.org/3/whatsnew/3.10.html#better-error-messages).\n(Contributed by Pablo Galindo in [bpo-43822](https://bugs.python.org/issue?@action=redirect&bpo=43822).)\n",
    "code": "items = {\nx: 1,\ny: 2\nz: 3,",
    "version_results": [
      {
        "version": "3.0 - 3.8",
        "diagnostic": "  File \"examples/missing_commas_collection_literals.py\", line 4\r\n    z: 3,\r\n    ^\r\nSyntaxError: invalid syntax\r\n"
      },
      {
        "version": "3.9",
        "diagnostic": "  File \"/workspace/examples/missing_commas_collection_literals.py\", line 4\r\n    z: 3,\r\n    ^\r\nSyntaxError: invalid syntax\r\n"
      },
      {
        "version": "3.10 - 3.12",
        "diagnostic": "  File \"/workspace/examples/missing_commas_collection_literals.py\", line 1\r\n    items = {\r\n            ^\r\nSyntaxError: '{' was never closed\r\n"
      },
      {
        "version": "3.13 - 3.15a3",
        "diagnostic": "  File \u001b[35m\"/workspace/examples/missing_commas_collection_literals.py\"\u001b[0m, line \u001b[35m1\u001b[0m\r\n    items = \u001b[1;31m{\u001b[0m\r\n            \u001b[1;31m^\u001b[0m\r\n\u001b[1;35mSyntaxError\u001b[0m: \u001b[35m'{' was never closed\u001b[0m\r\n"
      }
    ]
  },
  {
    "name": "examples/multiple_exceptions_without_parentheses.py",
    "title": "Multiple Exceptions Without Parentheses",
    "description": "The improved error got added in 3.10 but in 3.14 [PEP 758](https://peps.python.org/pep-0758/) got implemented that makes this syntax valid.\nFrom the [Python3.10 release notes](https://docs.python.org/3/whatsnew/3.10.html#better-error-messages).\n(Original improvement contributed by Pablo Galindo in [bpo-43822](https://bugs.python.org/issue?@action=redirect&bpo=43822), PEP 758 implementation contributed by Pablo Galindo and Brett Cannon in [gh-131831](https://github.com/python/cpython/issues/131831).)\n",
    "code": "try:\n    build_dyson_sphere()\nexcept NotEnoughScienceError, NotEnoughResourcesError:",
    "version_results": [
      {
        "version": "3.0 - 3.8",
        "diagnostic": "  File \"examples/multiple_exceptions_without_parentheses.py\", line 3\r\n    except NotEnoughScienceError, NotEnoughResourcesError:\r\n                                ^\r\nSyntaxError: invalid syntax\r\n"
      },
      {
        "version": "3.9",
        "diagnostic": "  File \"/workspace/examples/multiple_exceptions_without_parentheses.py\", line 3\r\n    except NotEnoughScienceError, NotEnoughResourcesError:\r\n                                ^\r\nSyntaxError: invalid syntax\r\n"
      },
      {
        "version": "3.10 - 3.12",
        "diagnostic": "  File \"/workspace/examples/multiple_exceptions_without_parentheses.py\", line 3\r\n    except NotEnoughScienceError, NotEnoughResourcesError:\r\n           ^^^^^^^^^^^^^^^^^^^^^^^^^^^^^^^^^^^^^^^^^^^^^^\r\nSyntaxError: multiple exception types must be parenthesized\r\n"
      },
      {
        "version": "3.13",
        "diagnostic": "  File \u001b[35m\"/workspace/examples/multiple_exceptions_without_parentheses.py\"\u001b[0m, line \u001b[35m3\u001b[0m\r\n    except \u001b[1;31mNotEnoughScienceError, NotEnoughResourcesError\u001b[0m:\r\n           \u001b[1;31m^^^^^^^^^^^^^^^^^^^^^^^^^^^^^^^^^^^^^^^^^^^^^^\u001b[0m\r\n\u001b[1;35mSyntaxError\u001b[0m: \u001b[35mmultiple exception types must be parenthesized\u001b[0m\r\n"
      },
      {
        "version": "3.14 - 3.15a3",
        "diagnostic": "  File \u001b[35m\"/workspace/examples/multiple_exceptions_without_parentheses.py\"\u001b[0m, line \u001b[35m3\u001b[0m\r\n    except NotEnoughScienceError, NotEnoughResourcesError:\r\n\u001b[1;35mIndentationError\u001b[0m: \u001b[35mexpected an indented block\u001b[0m\r\n"
      }
    ]
  },
  {
    "name": "examples/list_as_dict_key.py",
    "title": "List As Dict Key",
    "description": null,
    "code": "d = {}\nl = [1, 2, 3]\nd[l] = 12\n",
    "version_results": [
      {
        "version": "3.0 - 3.8",
        "diagnostic": "Traceback (most recent call last):\r\n  File \"examples/list_as_dict_key.py\", line 3, in <module>\r\n    d[l] = 12\r\nTypeError: unhashable type: 'list'\r\n"
      },
      {
        "version": "3.9 - 3.10",
        "diagnostic": "Traceback (most recent call last):\r\n  File \"/workspace/examples/list_as_dict_key.py\", line 3, in <module>\r\n    d[l] = 12\r\nTypeError: unhashable type: 'list'\r\n"
      },
      {
        "version": "3.11 - 3.12",
        "diagnostic": "Traceback (most recent call last):\r\n  File \"/workspace/examples/list_as_dict_key.py\", line 3, in <module>\r\n    d[l] = 12\r\n    ~^^^\r\nTypeError: unhashable type: 'list'\r\n"
      },
      {
        "version": "3.13",
        "diagnostic": "Traceback (most recent call last):\r\n  File \u001b[35m\"/workspace/examples/list_as_dict_key.py\"\u001b[0m, line \u001b[35m3\u001b[0m, in \u001b[35m<module>\u001b[0m\r\n    \u001b[31md\u001b[0m\u001b[1;31m[l]\u001b[0m = 12\r\n    \u001b[31m~\u001b[0m\u001b[1;31m^^^\u001b[0m\r\n\u001b[1;35mTypeError\u001b[0m: \u001b[35munhashable type: 'list'\u001b[0m\r\n"
      },
      {
        "version": "3.14 - 3.15a3",
        "diagnostic": "Traceback (most recent call last):\r\n  File \u001b[35m\"/workspace/examples/list_as_dict_key.py\"\u001b[0m, line \u001b[35m3\u001b[0m, in \u001b[35m<module>\u001b[0m\r\n    \u001b[31md\u001b[0m\u001b[1;31m[l]\u001b[0m = 12\r\n    \u001b[31m~\u001b[0m\u001b[1;31m^^^\u001b[0m\r\n\u001b[1;35mTypeError\u001b[0m: \u001b[35mcannot use 'list' as a dict key (unhashable type: 'list')\u001b[0m\r\n"
      }
    ]
  }
]